Build started 9/18/2015 7:17:08 AM.
     1>Project "C:\Users\Benjamin\Downloads\Group_14_Benjamin_Brandwin_Final_Project\GLTESTNEW\CurveComparison\CurveComparison.vcxproj" on node 4 (build target(s)).
     1>InitializeBuildStatus:
         Creating "Release\CurveComparison.unsuccessfulbuild" because "AlwaysCreate" was specified.
       ClCompile:
         C:\Program Files (x86)\Microsoft Visual Studio 10.0\VC\bin\CL.exe /c /I"C:\Users\Benjamin\Documents\Visual Studio 2010\Projects\GLTESTNEW\FFT" /I"C:\Users\Benjamin\Documents\Visual Studio 2010\Projects\GLTESTNEW\Point2D" /I"C:\Users\Benjamin\Documents\Visual Studio 2010\Projects\GLTESTNEW\Complex" /Zi /nologo /W3 /WX- /O2 /Oi /Oy- /GL /D WIN32 /D NDEBUG /D _WINDOWS /D _USRDLL /D CURVECOMPARISON_EXPORTS /D _WINDLL /D _UNICODE /D UNICODE /Gm- /EHsc /MD /GS /Gy /fp:precise /Zc:wchar_t /Zc:forScope /Fo"Release\\" /Fd"Release\vc100.pdb" /Gd /TP /analyze- /errorReport:prompt ..\GLTESTNEW\CurveComparison.cpp
         CurveComparison.cpp
     1>..\GLTESTNEW\CurveComparison.cpp(12): warning C4273: 'CurveComparison::CurveComparison' : inconsistent dll linkage
                 c:\users\benjamin\downloads\group_14_benjamin_brandwin_final_project\gltestnew\gltestnew\CurveComparison.h(20) : see previous definition of '{ctor}'
     1>..\GLTESTNEW\CurveComparison.cpp(21): warning C4273: 'CurveComparison::p2dToFFT' : inconsistent dll linkage
                 c:\users\benjamin\downloads\group_14_benjamin_brandwin_final_project\gltestnew\gltestnew\CurveComparison.h(22) : see previous definition of 'p2dToFFT'
     1>..\GLTESTNEW\CurveComparison.cpp(24): warning C4018: '<' : signed/unsigned mismatch
     1>..\GLTESTNEW\CurveComparison.cpp(34): warning C4018: '<' : signed/unsigned mismatch
       Link:
         C:\Program Files (x86)\Microsoft Visual Studio 10.0\VC\bin\link.exe /ERRORREPORT:PROMPT /OUT:"C:\Users\Benjamin\Downloads\Group_14_Benjamin_Brandwin_Final_Project\GLTESTNEW\Release\CurveComparison.dll" /INCREMENTAL:NO /NOLOGO kernel32.lib user32.lib gdi32.lib winspool.lib comdlg32.lib advapi32.lib shell32.lib ole32.lib oleaut32.lib uuid.lib odbc32.lib odbccp32.lib /MANIFEST /ManifestFile:"Release\CurveComparison.dll.intermediate.manifest" /MANIFESTUAC:"level='asInvoker' uiAccess='false'" /DEBUG /PDB:"C:\Users\Benjamin\Downloads\Group_14_Benjamin_Brandwin_Final_Project\GLTESTNEW\Release\CurveComparison.pdb" /SUBSYSTEM:WINDOWS /OPT:REF /OPT:ICF /LTCG /TLBID:1 /DYNAMICBASE /NXCOMPAT /IMPLIB:"C:\Users\Benjamin\Downloads\Group_14_Benjamin_Brandwin_Final_Project\GLTESTNEW\Release\CurveComparison.lib" /MACHINE:X86 /DLL Release\CurveComparison.obj
         C:\Users\Benjamin\Downloads\Group_14_Benjamin_Brandwin_Final_Project\GLTESTNEW\Release\Complex.lib
         C:\Users\Benjamin\Downloads\Group_14_Benjamin_Brandwin_Final_Project\GLTESTNEW\Release\FFT.lib
         C:\Users\Benjamin\Downloads\Group_14_Benjamin_Brandwin_Final_Project\GLTESTNEW\Release\Point2D.lib
            Creating library C:\Users\Benjamin\Downloads\Group_14_Benjamin_Brandwin_Final_Project\GLTESTNEW\Release\CurveComparison.lib and object C:\Users\Benjamin\Downloads\Group_14_Benjamin_Brandwin_Final_Project\GLTESTNEW\Release\CurveComparison.exp
         Generating code
         Finished generating code
         CurveComparison.vcxproj -> C:\Users\Benjamin\Downloads\Group_14_Benjamin_Brandwin_Final_Project\GLTESTNEW\Release\CurveComparison.dll
       Manifest:
         C:\Program Files (x86)\Microsoft SDKs\Windows\v7.0A\bin\mt.exe /nologo /verbose /outputresource:"C:\Users\Benjamin\Downloads\Group_14_Benjamin_Brandwin_Final_Project\GLTESTNEW\Release\CurveComparison.dll;#2" /manifest Release\CurveComparison.dll.intermediate.manifest
       FinalizeBuildStatus:
         Deleting file "Release\CurveComparison.unsuccessfulbuild".
         Touching "Release\CurveComparison.lastbuildstate".
     1>Done Building Project "C:\Users\Benjamin\Downloads\Group_14_Benjamin_Brandwin_Final_Project\GLTESTNEW\CurveComparison\CurveComparison.vcxproj" (build target(s)).

Build succeeded.

Time Elapsed 00:00:01.66
