Build started 5/13/2014 1:48:38 PM.
     1>Project "C:\Users\Benjamin\Documents\Visual Studio 2010\Projects\GLTESTNEW\BSplineTweak\BSplineTweak.vcxproj" on node 4 (build target(s)).
     1>InitializeBuildStatus:
         Touching "Debug\BSplineTweak.unsuccessfulbuild".
       ClCompile:
         C:\Program Files (x86)\Microsoft Visual Studio 10.0\VC\bin\CL.exe /c /I"C:\Users\Benjamin\Documents\Visual Studio 2010\Projects\GLTESTNEW\Point2D" /ZI /nologo /W3 /WX- /Od /Oy- /D WIN32 /D _DEBUG /D _WINDOWS /D _USRDLL /D BSPLINETWEAK_EXPORTS /D _WINDLL /D _UNICODE /D UNICODE /Gm /EHsc /RTC1 /MDd /GS /fp:precise /Zc:wchar_t /Zc:forScope /Fo"Debug\\" /Fd"Debug\vc100.pdb" /Gd /TP /analyze- /errorReport:prompt ..\GLTESTNEW\BSplineTweak.cpp
         BSplineTweak.cpp
     1>c:\users\benjamin\documents\visual studio 2010\projects\gltestnew\gltestnew\bsplinetweak.cpp(23): warning C4273: 'BSplineTweak::BSplineTweak' : inconsistent dll linkage
                 c:\users\benjamin\documents\visual studio 2010\projects\gltestnew\gltestnew\bsplinetweak.h(21) : see previous definition of '{ctor}'
     1>c:\users\benjamin\documents\visual studio 2010\projects\gltestnew\gltestnew\bsplinetweak.cpp(33): warning C4273: 'BSplineTweak::~BSplineTweak' : inconsistent dll linkage
                 c:\users\benjamin\documents\visual studio 2010\projects\gltestnew\gltestnew\bsplinetweak.h(22) : see previous definition of '{dtor}'
     1>c:\users\benjamin\documents\visual studio 2010\projects\gltestnew\gltestnew\bsplinetweak.cpp(124): warning C4273: 'BSplineTweak::getDegree' : inconsistent dll linkage
                 c:\users\benjamin\documents\visual studio 2010\projects\gltestnew\gltestnew\bsplinetweak.h(31) : see previous definition of 'getDegree'
     1>c:\users\benjamin\documents\visual studio 2010\projects\gltestnew\gltestnew\bsplinetweak.cpp(129): warning C4273: 'BSplineTweak::setDegree' : inconsistent dll linkage
                 c:\users\benjamin\documents\visual studio 2010\projects\gltestnew\gltestnew\bsplinetweak.h(32) : see previous definition of 'setDegree'
     1>c:\users\benjamin\documents\visual studio 2010\projects\gltestnew\gltestnew\bsplinetweak.cpp(134): warning C4273: 'BSplineTweak::splitAndTweak' : inconsistent dll linkage
                 c:\users\benjamin\documents\visual studio 2010\projects\gltestnew\gltestnew\bsplinetweak.h(28) : see previous definition of 'splitAndTweak'
       ManifestResourceCompile:
         All outputs are up-to-date.
       Link:
         C:\Program Files (x86)\Microsoft Visual Studio 10.0\VC\bin\link.exe /ERRORREPORT:PROMPT /OUT:"C:\Users\Benjamin\Documents\Visual Studio 2010\Projects\GLTESTNEW\Debug\BSplineTweak.dll" /INCREMENTAL /NOLOGO kernel32.lib user32.lib gdi32.lib winspool.lib comdlg32.lib advapi32.lib shell32.lib ole32.lib oleaut32.lib uuid.lib odbc32.lib odbccp32.lib /MANIFEST /ManifestFile:"Debug\BSplineTweak.dll.intermediate.manifest" /MANIFESTUAC:"level='asInvoker' uiAccess='false'" /DEBUG /PDB:"C:\Users\Benjamin\Documents\Visual Studio 2010\Projects\GLTESTNEW\Debug\BSplineTweak.pdb" /SUBSYSTEM:WINDOWS /TLBID:1 /DYNAMICBASE /NXCOMPAT /IMPLIB:"C:\Users\Benjamin\Documents\Visual Studio 2010\Projects\GLTESTNEW\Debug\BSplineTweak.lib" /MACHINE:X86 /DLL Debug\BSplineTweak.dll.embed.manifest.res
         Debug\BSplineTweak.obj
         "C:\Users\Benjamin\Documents\Visual Studio 2010\Projects\GLTESTNEW\Debug\Point2D.lib"
            Creating library C:\Users\Benjamin\Documents\Visual Studio 2010\Projects\GLTESTNEW\Debug\BSplineTweak.lib and object C:\Users\Benjamin\Documents\Visual Studio 2010\Projects\GLTESTNEW\Debug\BSplineTweak.exp
       Manifest:
         C:\Program Files (x86)\Microsoft SDKs\Windows\v7.0A\bin\mt.exe /nologo /verbose /out:"Debug\BSplineTweak.dll.embed.manifest" /manifest Debug\BSplineTweak.dll.intermediate.manifest
         C:\Program Files (x86)\Microsoft SDKs\Windows\v7.0A\bin\rc.exe /nologo /fo"Debug\BSplineTweak.dll.embed.manifest.res" Debug\BSplineTweak_manifest.rc 
       LinkEmbedManifest:
         C:\Program Files (x86)\Microsoft Visual Studio 10.0\VC\bin\link.exe /ERRORREPORT:PROMPT /OUT:"C:\Users\Benjamin\Documents\Visual Studio 2010\Projects\GLTESTNEW\Debug\BSplineTweak.dll" /INCREMENTAL /NOLOGO kernel32.lib user32.lib gdi32.lib winspool.lib comdlg32.lib advapi32.lib shell32.lib ole32.lib oleaut32.lib uuid.lib odbc32.lib odbccp32.lib /MANIFEST /ManifestFile:"Debug\BSplineTweak.dll.intermediate.manifest" /MANIFESTUAC:"level='asInvoker' uiAccess='false'" /DEBUG /PDB:"C:\Users\Benjamin\Documents\Visual Studio 2010\Projects\GLTESTNEW\Debug\BSplineTweak.pdb" /SUBSYSTEM:WINDOWS /TLBID:1 /DYNAMICBASE /NXCOMPAT /IMPLIB:"C:\Users\Benjamin\Documents\Visual Studio 2010\Projects\GLTESTNEW\Debug\BSplineTweak.lib" /MACHINE:X86 /DLL Debug\BSplineTweak.dll.embed.manifest.res
         Debug\BSplineTweak.obj
         "C:\Users\Benjamin\Documents\Visual Studio 2010\Projects\GLTESTNEW\Debug\Point2D.lib"
            Creating library C:\Users\Benjamin\Documents\Visual Studio 2010\Projects\GLTESTNEW\Debug\BSplineTweak.lib and object C:\Users\Benjamin\Documents\Visual Studio 2010\Projects\GLTESTNEW\Debug\BSplineTweak.exp
         BSplineTweak.vcxproj -> C:\Users\Benjamin\Documents\Visual Studio 2010\Projects\GLTESTNEW\Debug\BSplineTweak.dll
       FinalizeBuildStatus:
         Deleting file "Debug\BSplineTweak.unsuccessfulbuild".
         Touching "Debug\BSplineTweak.lastbuildstate".
     1>Done Building Project "C:\Users\Benjamin\Documents\Visual Studio 2010\Projects\GLTESTNEW\BSplineTweak\BSplineTweak.vcxproj" (build target(s)).

Build succeeded.

Time Elapsed 00:00:12.53
