Build started 5/13/2014 1:48:38 PM.
     1>Project "C:\Users\Benjamin\Documents\Visual Studio 2010\Projects\GLTESTNEW\FFT\FFT.vcxproj" on node 5 (build target(s)).
     1>InitializeBuildStatus:
         Creating "Debug\FFT.unsuccessfulbuild" because "AlwaysCreate" was specified.
       ClCompile:
         C:\Program Files (x86)\Microsoft Visual Studio 10.0\VC\bin\CL.exe /c /ZI /nologo /W3 /WX- /Od /Oy- /D WIN32 /D _DEBUG /D _WINDOWS /D _USRDLL /D FFT_EXPORTS /D _WINDLL /D _UNICODE /D UNICODE /Gm /EHsc /RTC1 /MDd /GS /fp:precise /Zc:wchar_t /Zc:forScope /Fo"Debug\\" /Fd"Debug\vc100.pdb" /Gd /TP /analyze- /errorReport:prompt ..\GLTESTNEW\fft.cpp
         fft.cpp
       ManifestResourceCompile:
         C:\Program Files (x86)\Microsoft SDKs\Windows\v7.0A\bin\rc.exe /nologo /fo"Debug\FFT.dll.embed.manifest.res" Debug\FFT_manifest.rc 
       Link:
         C:\Program Files (x86)\Microsoft Visual Studio 10.0\VC\bin\link.exe /ERRORREPORT:PROMPT /OUT:"C:\Users\Benjamin\Documents\Visual Studio 2010\Projects\GLTESTNEW\Debug\FFT.dll" /INCREMENTAL /NOLOGO kernel32.lib user32.lib gdi32.lib winspool.lib comdlg32.lib advapi32.lib shell32.lib ole32.lib oleaut32.lib uuid.lib odbc32.lib odbccp32.lib /MANIFEST /ManifestFile:"Debug\FFT.dll.intermediate.manifest" /MANIFESTUAC:"level='asInvoker' uiAccess='false'" /DEBUG /PDB:"C:\Users\Benjamin\Documents\Visual Studio 2010\Projects\GLTESTNEW\Debug\FFT.pdb" /SUBSYSTEM:WINDOWS /TLBID:1 /DYNAMICBASE /NXCOMPAT /IMPLIB:"C:\Users\Benjamin\Documents\Visual Studio 2010\Projects\GLTESTNEW\Debug\FFT.lib" /MACHINE:X86 /DLL Debug\FFT.dll.embed.manifest.res
         Debug\fft.obj
         "C:\Users\Benjamin\Documents\Visual Studio 2010\Projects\GLTESTNEW\Debug\Complex.lib"
            Creating library C:\Users\Benjamin\Documents\Visual Studio 2010\Projects\GLTESTNEW\Debug\FFT.lib and object C:\Users\Benjamin\Documents\Visual Studio 2010\Projects\GLTESTNEW\Debug\FFT.exp
       Manifest:
         C:\Program Files (x86)\Microsoft SDKs\Windows\v7.0A\bin\mt.exe /nologo /verbose /out:"Debug\FFT.dll.embed.manifest" /manifest Debug\FFT.dll.intermediate.manifest
         C:\Program Files (x86)\Microsoft SDKs\Windows\v7.0A\bin\rc.exe /nologo /fo"Debug\FFT.dll.embed.manifest.res" Debug\FFT_manifest.rc 
       LinkEmbedManifest:
         C:\Program Files (x86)\Microsoft Visual Studio 10.0\VC\bin\link.exe /ERRORREPORT:PROMPT /OUT:"C:\Users\Benjamin\Documents\Visual Studio 2010\Projects\GLTESTNEW\Debug\FFT.dll" /INCREMENTAL /NOLOGO kernel32.lib user32.lib gdi32.lib winspool.lib comdlg32.lib advapi32.lib shell32.lib ole32.lib oleaut32.lib uuid.lib odbc32.lib odbccp32.lib /MANIFEST /ManifestFile:"Debug\FFT.dll.intermediate.manifest" /MANIFESTUAC:"level='asInvoker' uiAccess='false'" /DEBUG /PDB:"C:\Users\Benjamin\Documents\Visual Studio 2010\Projects\GLTESTNEW\Debug\FFT.pdb" /SUBSYSTEM:WINDOWS /TLBID:1 /DYNAMICBASE /NXCOMPAT /IMPLIB:"C:\Users\Benjamin\Documents\Visual Studio 2010\Projects\GLTESTNEW\Debug\FFT.lib" /MACHINE:X86 /DLL Debug\FFT.dll.embed.manifest.res
         Debug\fft.obj
         "C:\Users\Benjamin\Documents\Visual Studio 2010\Projects\GLTESTNEW\Debug\Complex.lib"
            Creating library C:\Users\Benjamin\Documents\Visual Studio 2010\Projects\GLTESTNEW\Debug\FFT.lib and object C:\Users\Benjamin\Documents\Visual Studio 2010\Projects\GLTESTNEW\Debug\FFT.exp
         FFT.vcxproj -> C:\Users\Benjamin\Documents\Visual Studio 2010\Projects\GLTESTNEW\Debug\FFT.dll
       FinalizeBuildStatus:
         Deleting file "Debug\FFT.unsuccessfulbuild".
         Touching "Debug\FFT.lastbuildstate".
     1>Done Building Project "C:\Users\Benjamin\Documents\Visual Studio 2010\Projects\GLTESTNEW\FFT\FFT.vcxproj" (build target(s)).

Build succeeded.

Time Elapsed 00:00:04.09
