Build started 5/13/2014 1:48:44 PM.
     1>Project "C:\Users\Benjamin\Documents\Visual Studio 2010\Projects\GLTESTNEW\Coupler\Coupler.vcxproj" on node 4 (build target(s)).
     1>InitializeBuildStatus:
         Touching "Debug\Coupler.unsuccessfulbuild".
       ClCompile:
         C:\Program Files (x86)\Microsoft Visual Studio 10.0\VC\bin\CL.exe /c /I"C:\Users\Benjamin\Documents\Visual Studio 2010\Projects\GLTESTNEW\Link" /ZI /nologo /W3 /WX- /Od /Oy- /D WIN32 /D _DEBUG /D _WINDOWS /D _USRDLL /D COUPLER_EXPORTS /D _WINDLL /D _UNICODE /D UNICODE /Gm /EHsc /RTC1 /MDd /GS /fp:precise /Zc:wchar_t /Zc:forScope /Fo"Debug\\" /Fd"Debug\vc100.pdb" /Gd /TP /analyze- /errorReport:prompt ..\GLTESTNEW\Coupler.cpp
         Coupler.cpp
     1>c:\users\benjamin\documents\visual studio 2010\projects\gltestnew\gltestnew\coupler.cpp(9): warning C4273: 'Coupler::Coupler' : inconsistent dll linkage
                 c:\users\benjamin\documents\visual studio 2010\projects\gltestnew\gltestnew\coupler.h(16) : see previous definition of '{ctor}'
     1>c:\users\benjamin\documents\visual studio 2010\projects\gltestnew\gltestnew\coupler.cpp(19): warning C4273: 'Coupler::setLength' : inconsistent dll linkage
                 c:\users\benjamin\documents\visual studio 2010\projects\gltestnew\gltestnew\coupler.h(20) : see previous definition of 'setLength'
     1>c:\users\benjamin\documents\visual studio 2010\projects\gltestnew\gltestnew\coupler.cpp(25): warning C4273: 'Coupler::setAngle' : inconsistent dll linkage
                 c:\users\benjamin\documents\visual studio 2010\projects\gltestnew\gltestnew\coupler.h(21) : see previous definition of 'setAngle'
     1>c:\users\benjamin\documents\visual studio 2010\projects\gltestnew\gltestnew\coupler.cpp(31): warning C4273: 'Coupler::setCLength' : inconsistent dll linkage
                 c:\users\benjamin\documents\visual studio 2010\projects\gltestnew\gltestnew\coupler.h(17) : see previous definition of 'setCLength'
     1>c:\users\benjamin\documents\visual studio 2010\projects\gltestnew\gltestnew\coupler.cpp(37): warning C4273: 'Coupler::setCAngle' : inconsistent dll linkage
                 c:\users\benjamin\documents\visual studio 2010\projects\gltestnew\gltestnew\coupler.h(18) : see previous definition of 'setCAngle'
     1>c:\users\benjamin\documents\visual studio 2010\projects\gltestnew\gltestnew\coupler.cpp(43): warning C4273: 'Coupler::getCLength' : inconsistent dll linkage
                 c:\users\benjamin\documents\visual studio 2010\projects\gltestnew\gltestnew\coupler.h(24) : see previous definition of 'getCLength'
     1>c:\users\benjamin\documents\visual studio 2010\projects\gltestnew\gltestnew\coupler.cpp(48): warning C4273: 'Coupler::getCAngle' : inconsistent dll linkage
                 c:\users\benjamin\documents\visual studio 2010\projects\gltestnew\gltestnew\coupler.h(25) : see previous definition of 'getCAngle'
     1>c:\users\benjamin\documents\visual studio 2010\projects\gltestnew\gltestnew\coupler.cpp(53): warning C4273: 'Coupler::getPos3' : inconsistent dll linkage
                 c:\users\benjamin\documents\visual studio 2010\projects\gltestnew\gltestnew\coupler.h(27) : see previous definition of 'getPos3'
     1>c:\users\benjamin\documents\visual studio 2010\projects\gltestnew\gltestnew\coupler.cpp(60): warning C4273: 'Coupler::draw' : inconsistent dll linkage
                 c:\users\benjamin\documents\visual studio 2010\projects\gltestnew\gltestnew\coupler.h(29) : see previous definition of 'draw'
     1>c:\users\benjamin\documents\visual studio 2010\projects\gltestnew\gltestnew\coupler.cpp(73): warning C4273: 'Coupler::cAngleTransform' : inconsistent dll linkage
                 c:\users\benjamin\documents\visual studio 2010\projects\gltestnew\gltestnew\coupler.h(23) : see previous definition of 'cAngleTransform'
       ManifestResourceCompile:
         All outputs are up-to-date.
       Link:
         C:\Program Files (x86)\Microsoft Visual Studio 10.0\VC\bin\link.exe /ERRORREPORT:PROMPT /OUT:"C:\Users\Benjamin\Documents\Visual Studio 2010\Projects\GLTESTNEW\Debug\Coupler.dll" /INCREMENTAL /NOLOGO kernel32.lib user32.lib gdi32.lib winspool.lib comdlg32.lib advapi32.lib shell32.lib ole32.lib oleaut32.lib uuid.lib odbc32.lib odbccp32.lib /MANIFEST /ManifestFile:"Debug\Coupler.dll.intermediate.manifest" /MANIFESTUAC:"level='asInvoker' uiAccess='false'" /DEBUG /PDB:"C:\Users\Benjamin\Documents\Visual Studio 2010\Projects\GLTESTNEW\Debug\Coupler.pdb" /SUBSYSTEM:WINDOWS /TLBID:1 /DYNAMICBASE /NXCOMPAT /IMPLIB:"C:\Users\Benjamin\Documents\Visual Studio 2010\Projects\GLTESTNEW\Debug\Coupler.lib" /MACHINE:X86 /DLL Debug\Coupler.dll.embed.manifest.res
         Debug\Coupler.obj
         "C:\Users\Benjamin\Documents\Visual Studio 2010\Projects\GLTESTNEW\Debug\Link.lib"
         "C:\Users\Benjamin\Documents\Visual Studio 2010\Projects\GLTESTNEW\Debug\Point2D.lib"
            Creating library C:\Users\Benjamin\Documents\Visual Studio 2010\Projects\GLTESTNEW\Debug\Coupler.lib and object C:\Users\Benjamin\Documents\Visual Studio 2010\Projects\GLTESTNEW\Debug\Coupler.exp
       Manifest:
         C:\Program Files (x86)\Microsoft SDKs\Windows\v7.0A\bin\mt.exe /nologo /verbose /out:"Debug\Coupler.dll.embed.manifest" /manifest Debug\Coupler.dll.intermediate.manifest
         C:\Program Files (x86)\Microsoft SDKs\Windows\v7.0A\bin\rc.exe /nologo /fo"Debug\Coupler.dll.embed.manifest.res" Debug\Coupler_manifest.rc 
       LinkEmbedManifest:
         C:\Program Files (x86)\Microsoft Visual Studio 10.0\VC\bin\link.exe /ERRORREPORT:PROMPT /OUT:"C:\Users\Benjamin\Documents\Visual Studio 2010\Projects\GLTESTNEW\Debug\Coupler.dll" /INCREMENTAL /NOLOGO kernel32.lib user32.lib gdi32.lib winspool.lib comdlg32.lib advapi32.lib shell32.lib ole32.lib oleaut32.lib uuid.lib odbc32.lib odbccp32.lib /MANIFEST /ManifestFile:"Debug\Coupler.dll.intermediate.manifest" /MANIFESTUAC:"level='asInvoker' uiAccess='false'" /DEBUG /PDB:"C:\Users\Benjamin\Documents\Visual Studio 2010\Projects\GLTESTNEW\Debug\Coupler.pdb" /SUBSYSTEM:WINDOWS /TLBID:1 /DYNAMICBASE /NXCOMPAT /IMPLIB:"C:\Users\Benjamin\Documents\Visual Studio 2010\Projects\GLTESTNEW\Debug\Coupler.lib" /MACHINE:X86 /DLL Debug\Coupler.dll.embed.manifest.res
         Debug\Coupler.obj
         "C:\Users\Benjamin\Documents\Visual Studio 2010\Projects\GLTESTNEW\Debug\Link.lib"
         "C:\Users\Benjamin\Documents\Visual Studio 2010\Projects\GLTESTNEW\Debug\Point2D.lib"
            Creating library C:\Users\Benjamin\Documents\Visual Studio 2010\Projects\GLTESTNEW\Debug\Coupler.lib and object C:\Users\Benjamin\Documents\Visual Studio 2010\Projects\GLTESTNEW\Debug\Coupler.exp
         Coupler.vcxproj -> C:\Users\Benjamin\Documents\Visual Studio 2010\Projects\GLTESTNEW\Debug\Coupler.dll
       FinalizeBuildStatus:
         Deleting file "Debug\Coupler.unsuccessfulbuild".
         Touching "Debug\Coupler.lastbuildstate".
     1>Done Building Project "C:\Users\Benjamin\Documents\Visual Studio 2010\Projects\GLTESTNEW\Coupler\Coupler.vcxproj" (build target(s)).

Build succeeded.

Time Elapsed 00:00:01.89
