Build started 5/13/2014 1:48:36 PM.
     1>Project "C:\Users\Benjamin\Documents\Visual Studio 2010\Projects\GLTESTNEW\Point2D\Point2D.vcxproj" on node 2 (build target(s)).
     1>InitializeBuildStatus:
         Creating "Debug\Point2D.unsuccessfulbuild" because "AlwaysCreate" was specified.
       ClCompile:
         C:\Program Files (x86)\Microsoft Visual Studio 10.0\VC\bin\CL.exe /c /ZI /nologo /W3 /WX- /Od /Oy- /D WIN32 /D _DEBUG /D _WINDOWS /D _USRDLL /D POINT2D_EXPORTS /D _WINDLL /D _UNICODE /D UNICODE /Gm /EHsc /RTC1 /MDd /GS /fp:precise /Zc:wchar_t /Zc:forScope /Fo"Debug\\" /Fd"Debug\vc100.pdb" /Gd /TP /analyze- /errorReport:prompt ..\GLTESTNEW\Point2D.cpp
         Point2D.cpp
     1>c:\users\benjamin\documents\visual studio 2010\projects\gltestnew\gltestnew\point2d.cpp(8): warning C4273: 'Point2D::Point2D' : inconsistent dll linkage
                 c:\users\benjamin\documents\visual studio 2010\projects\gltestnew\gltestnew\point2d.h(19) : see previous definition of '{ctor}'
     1>c:\users\benjamin\documents\visual studio 2010\projects\gltestnew\gltestnew\point2d.cpp(14): warning C4273: 'Point2D::getPx' : inconsistent dll linkage
                 c:\users\benjamin\documents\visual studio 2010\projects\gltestnew\gltestnew\point2d.h(20) : see previous definition of 'getPx'
     1>c:\users\benjamin\documents\visual studio 2010\projects\gltestnew\gltestnew\point2d.cpp(19): warning C4273: 'Point2D::getPy' : inconsistent dll linkage
                 c:\users\benjamin\documents\visual studio 2010\projects\gltestnew\gltestnew\point2d.h(21) : see previous definition of 'getPy'
     1>c:\users\benjamin\documents\visual studio 2010\projects\gltestnew\gltestnew\point2d.cpp(24): warning C4273: 'Point2D::setPx' : inconsistent dll linkage
                 c:\users\benjamin\documents\visual studio 2010\projects\gltestnew\gltestnew\point2d.h(22) : see previous definition of 'setPx'
     1>c:\users\benjamin\documents\visual studio 2010\projects\gltestnew\gltestnew\point2d.cpp(29): warning C4273: 'Point2D::setPy' : inconsistent dll linkage
                 c:\users\benjamin\documents\visual studio 2010\projects\gltestnew\gltestnew\point2d.h(23) : see previous definition of 'setPy'
       ManifestResourceCompile:
         All outputs are up-to-date.
       Link:
         C:\Program Files (x86)\Microsoft Visual Studio 10.0\VC\bin\link.exe /ERRORREPORT:PROMPT /OUT:"C:\Users\Benjamin\Documents\Visual Studio 2010\Projects\GLTESTNEW\Debug\Point2D.dll" /INCREMENTAL /NOLOGO kernel32.lib user32.lib gdi32.lib winspool.lib comdlg32.lib advapi32.lib shell32.lib ole32.lib oleaut32.lib uuid.lib odbc32.lib odbccp32.lib /MANIFEST /ManifestFile:"Debug\Point2D.dll.intermediate.manifest" /MANIFESTUAC:"level='asInvoker' uiAccess='false'" /DEBUG /PDB:"C:\Users\Benjamin\Documents\Visual Studio 2010\Projects\GLTESTNEW\Debug\Point2D.pdb" /SUBSYSTEM:WINDOWS /TLBID:1 /DYNAMICBASE /NXCOMPAT /IMPLIB:"C:\Users\Benjamin\Documents\Visual Studio 2010\Projects\GLTESTNEW\Debug\Point2D.lib" /MACHINE:X86 /DLL Debug\Point2D.dll.embed.manifest.res
         Debug\Point2D.obj
            Creating library C:\Users\Benjamin\Documents\Visual Studio 2010\Projects\GLTESTNEW\Debug\Point2D.lib and object C:\Users\Benjamin\Documents\Visual Studio 2010\Projects\GLTESTNEW\Debug\Point2D.exp
       Manifest:
         C:\Program Files (x86)\Microsoft SDKs\Windows\v7.0A\bin\mt.exe /nologo /verbose /out:"Debug\Point2D.dll.embed.manifest" /manifest Debug\Point2D.dll.intermediate.manifest
         All outputs are up-to-date.
       LinkEmbedManifest:
         All outputs are up-to-date.
         Point2D.vcxproj -> C:\Users\Benjamin\Documents\Visual Studio 2010\Projects\GLTESTNEW\Debug\Point2D.dll
       FinalizeBuildStatus:
         Deleting file "Debug\Point2D.unsuccessfulbuild".
         Touching "Debug\Point2D.lastbuildstate".
     1>Done Building Project "C:\Users\Benjamin\Documents\Visual Studio 2010\Projects\GLTESTNEW\Point2D\Point2D.vcxproj" (build target(s)).

Build succeeded.

Time Elapsed 00:00:01.54
