Build started 9/18/2015 7:17:05 AM.
     1>Project "C:\Users\Benjamin\Downloads\Group_14_Benjamin_Brandwin_Final_Project\GLTESTNEW\Complex\Complex.vcxproj" on node 3 (build target(s)).
     1>InitializeBuildStatus:
         Creating "Release\Complex.unsuccessfulbuild" because "AlwaysCreate" was specified.
       ClCompile:
         C:\Program Files (x86)\Microsoft Visual Studio 10.0\VC\bin\CL.exe /c /Zi /nologo /W3 /WX- /O2 /Oi /Oy- /GL /D WIN32 /D NDEBUG /D _WINDOWS /D _USRDLL /D COMPLEX_EXPORTS /D _WINDLL /D _UNICODE /D UNICODE /Gm- /EHsc /MD /GS /Gy /fp:precise /Zc:wchar_t /Zc:forScope /Fo"Release\\" /Fd"Release\vc100.pdb" /Gd /TP /analyze- /errorReport:prompt ..\GLTESTNEW\complex.cpp
         complex.cpp
       Link:
         C:\Program Files (x86)\Microsoft Visual Studio 10.0\VC\bin\link.exe /ERRORREPORT:PROMPT /OUT:"C:\Users\Benjamin\Downloads\Group_14_Benjamin_Brandwin_Final_Project\GLTESTNEW\Release\Complex.dll" /INCREMENTAL:NO /NOLOGO kernel32.lib user32.lib gdi32.lib winspool.lib comdlg32.lib advapi32.lib shell32.lib ole32.lib oleaut32.lib uuid.lib odbc32.lib odbccp32.lib /MANIFEST /ManifestFile:"Release\Complex.dll.intermediate.manifest" /MANIFESTUAC:"level='asInvoker' uiAccess='false'" /DEBUG /PDB:"C:\Users\Benjamin\Downloads\Group_14_Benjamin_Brandwin_Final_Project\GLTESTNEW\Release\Complex.pdb" /SUBSYSTEM:WINDOWS /OPT:REF /OPT:ICF /LTCG /TLBID:1 /DYNAMICBASE /NXCOMPAT /IMPLIB:"C:\Users\Benjamin\Downloads\Group_14_Benjamin_Brandwin_Final_Project\GLTESTNEW\Release\Complex.lib" /MACHINE:X86 /DLL Release\complex.obj
            Creating library C:\Users\Benjamin\Downloads\Group_14_Benjamin_Brandwin_Final_Project\GLTESTNEW\Release\Complex.lib and object C:\Users\Benjamin\Downloads\Group_14_Benjamin_Brandwin_Final_Project\GLTESTNEW\Release\Complex.exp
         Generating code
         Finished generating code
         Complex.vcxproj -> C:\Users\Benjamin\Downloads\Group_14_Benjamin_Brandwin_Final_Project\GLTESTNEW\Release\Complex.dll
       Manifest:
         C:\Program Files (x86)\Microsoft SDKs\Windows\v7.0A\bin\mt.exe /nologo /verbose /outputresource:"C:\Users\Benjamin\Downloads\Group_14_Benjamin_Brandwin_Final_Project\GLTESTNEW\Release\Complex.dll;#2" /manifest Release\Complex.dll.intermediate.manifest
       FinalizeBuildStatus:
         Deleting file "Release\Complex.unsuccessfulbuild".
         Touching "Release\Complex.lastbuildstate".
     1>Done Building Project "C:\Users\Benjamin\Downloads\Group_14_Benjamin_Brandwin_Final_Project\GLTESTNEW\Complex\Complex.vcxproj" (build target(s)).

Build succeeded.

Time Elapsed 00:00:01.23
