Build started 5/13/2014 1:48:43 PM.
     1>Project "C:\Users\Benjamin\Documents\Visual Studio 2010\Projects\GLTESTNEW\CurveComparison\CurveComparison.vcxproj" on node 5 (build target(s)).
     1>InitializeBuildStatus:
         Creating "Debug\CurveComparison.unsuccessfulbuild" because "AlwaysCreate" was specified.
       ClCompile:
         C:\Program Files (x86)\Microsoft Visual Studio 10.0\VC\bin\CL.exe /c /ZI /nologo /W3 /WX- /Od /Oy- /D WIN32 /D _DEBUG /D _WINDOWS /D _USRDLL /D CURVECOMPARISON_EXPORTS /D _WINDLL /D _UNICODE /D UNICODE /Gm /EHsc /RTC1 /MDd /GS /fp:precise /Zc:wchar_t /Zc:forScope /Fo"Debug\\" /Fd"Debug\vc100.pdb" /Gd /TP /analyze- /errorReport:prompt ..\GLTESTNEW\CurveComparison.cpp
         CurveComparison.cpp
     1>c:\users\benjamin\documents\visual studio 2010\projects\gltestnew\gltestnew\curvecomparison.cpp(12): warning C4273: 'CurveComparison::CurveComparison' : inconsistent dll linkage
                 c:\users\benjamin\documents\visual studio 2010\projects\gltestnew\gltestnew\curvecomparison.h(20) : see previous definition of '{ctor}'
     1>c:\users\benjamin\documents\visual studio 2010\projects\gltestnew\gltestnew\curvecomparison.cpp(21): warning C4273: 'CurveComparison::p2dToFFT' : inconsistent dll linkage
                 c:\users\benjamin\documents\visual studio 2010\projects\gltestnew\gltestnew\curvecomparison.h(22) : see previous definition of 'p2dToFFT'
     1>c:\users\benjamin\documents\visual studio 2010\projects\gltestnew\gltestnew\curvecomparison.cpp(28): warning C4018: '<' : signed/unsigned mismatch
     1>c:\users\benjamin\documents\visual studio 2010\projects\gltestnew\gltestnew\curvecomparison.cpp(38): warning C4018: '<' : signed/unsigned mismatch
     1>c:\users\benjamin\documents\visual studio 2010\projects\gltestnew\gltestnew\curvecomparison.cpp(49): warning C4273: 'CurveComparison::Normalize' : inconsistent dll linkage
                 c:\users\benjamin\documents\visual studio 2010\projects\gltestnew\gltestnew\curvecomparison.h(24) : see previous definition of 'Normalize'
     1>c:\users\benjamin\documents\visual studio 2010\projects\gltestnew\gltestnew\curvecomparison.cpp(50): warning C4018: '<' : signed/unsigned mismatch
       ManifestResourceCompile:
         C:\Program Files (x86)\Microsoft SDKs\Windows\v7.0A\bin\rc.exe /nologo /fo"Debug\CurveComparison.dll.embed.manifest.res" Debug\CurveComparison_manifest.rc 
       Link:
         C:\Program Files (x86)\Microsoft Visual Studio 10.0\VC\bin\link.exe /ERRORREPORT:PROMPT /OUT:"C:\Users\Benjamin\Documents\Visual Studio 2010\Projects\GLTESTNEW\Debug\CurveComparison.dll" /INCREMENTAL /NOLOGO kernel32.lib user32.lib gdi32.lib winspool.lib comdlg32.lib advapi32.lib shell32.lib ole32.lib oleaut32.lib uuid.lib odbc32.lib odbccp32.lib /MANIFEST /ManifestFile:"Debug\CurveComparison.dll.intermediate.manifest" /MANIFESTUAC:"level='asInvoker' uiAccess='false'" /DEBUG /PDB:"C:\Users\Benjamin\Documents\Visual Studio 2010\Projects\GLTESTNEW\Debug\CurveComparison.pdb" /SUBSYSTEM:WINDOWS /TLBID:1 /DYNAMICBASE /NXCOMPAT /IMPLIB:"C:\Users\Benjamin\Documents\Visual Studio 2010\Projects\GLTESTNEW\Debug\CurveComparison.lib" /MACHINE:X86 /DLL Debug\CurveComparison.dll.embed.manifest.res
         Debug\CurveComparison.obj
         "C:\Users\Benjamin\Documents\Visual Studio 2010\Projects\GLTESTNEW\Debug\Complex.lib"
         "C:\Users\Benjamin\Documents\Visual Studio 2010\Projects\GLTESTNEW\Debug\FFT.lib"
         "C:\Users\Benjamin\Documents\Visual Studio 2010\Projects\GLTESTNEW\Debug\Point2D.lib"
            Creating library C:\Users\Benjamin\Documents\Visual Studio 2010\Projects\GLTESTNEW\Debug\CurveComparison.lib and object C:\Users\Benjamin\Documents\Visual Studio 2010\Projects\GLTESTNEW\Debug\CurveComparison.exp
       Manifest:
         C:\Program Files (x86)\Microsoft SDKs\Windows\v7.0A\bin\mt.exe /nologo /verbose /out:"Debug\CurveComparison.dll.embed.manifest" /manifest Debug\CurveComparison.dll.intermediate.manifest
         C:\Program Files (x86)\Microsoft SDKs\Windows\v7.0A\bin\rc.exe /nologo /fo"Debug\CurveComparison.dll.embed.manifest.res" Debug\CurveComparison_manifest.rc 
       LinkEmbedManifest:
         C:\Program Files (x86)\Microsoft Visual Studio 10.0\VC\bin\link.exe /ERRORREPORT:PROMPT /OUT:"C:\Users\Benjamin\Documents\Visual Studio 2010\Projects\GLTESTNEW\Debug\CurveComparison.dll" /INCREMENTAL /NOLOGO kernel32.lib user32.lib gdi32.lib winspool.lib comdlg32.lib advapi32.lib shell32.lib ole32.lib oleaut32.lib uuid.lib odbc32.lib odbccp32.lib /MANIFEST /ManifestFile:"Debug\CurveComparison.dll.intermediate.manifest" /MANIFESTUAC:"level='asInvoker' uiAccess='false'" /DEBUG /PDB:"C:\Users\Benjamin\Documents\Visual Studio 2010\Projects\GLTESTNEW\Debug\CurveComparison.pdb" /SUBSYSTEM:WINDOWS /TLBID:1 /DYNAMICBASE /NXCOMPAT /IMPLIB:"C:\Users\Benjamin\Documents\Visual Studio 2010\Projects\GLTESTNEW\Debug\CurveComparison.lib" /MACHINE:X86 /DLL Debug\CurveComparison.dll.embed.manifest.res
         Debug\CurveComparison.obj
         "C:\Users\Benjamin\Documents\Visual Studio 2010\Projects\GLTESTNEW\Debug\Complex.lib"
         "C:\Users\Benjamin\Documents\Visual Studio 2010\Projects\GLTESTNEW\Debug\FFT.lib"
         "C:\Users\Benjamin\Documents\Visual Studio 2010\Projects\GLTESTNEW\Debug\Point2D.lib"
            Creating library C:\Users\Benjamin\Documents\Visual Studio 2010\Projects\GLTESTNEW\Debug\CurveComparison.lib and object C:\Users\Benjamin\Documents\Visual Studio 2010\Projects\GLTESTNEW\Debug\CurveComparison.exp
         CurveComparison.vcxproj -> C:\Users\Benjamin\Documents\Visual Studio 2010\Projects\GLTESTNEW\Debug\CurveComparison.dll
       FinalizeBuildStatus:
         Deleting file "Debug\CurveComparison.unsuccessfulbuild".
         Touching "Debug\CurveComparison.lastbuildstate".
     1>Done Building Project "C:\Users\Benjamin\Documents\Visual Studio 2010\Projects\GLTESTNEW\CurveComparison\CurveComparison.vcxproj" (build target(s)).

Build succeeded.

Time Elapsed 00:00:02.10
