Build started 5/13/2014 1:48:38 PM.
     1>Project "C:\Users\Benjamin\Documents\Visual Studio 2010\Projects\GLTESTNEW\FourierTransform\FourierTransform.vcxproj" on node 2 (build target(s)).
     1>InitializeBuildStatus:
         Touching "Debug\FourierTransform.unsuccessfulbuild".
       ClCompile:
         C:\Program Files (x86)\Microsoft Visual Studio 10.0\VC\bin\CL.exe /c /I"C:\Users\Benjamin\Documents\Visual Studio 2010\Projects\GLTESTNEW\Point2D" /ZI /nologo /W3 /WX- /Od /Oy- /D WIN32 /D _DEBUG /D _WINDOWS /D _USRDLL /D FOURIERTRANSFORM_EXPORTS /D _WINDLL /D _UNICODE /D UNICODE /Gm /EHsc /RTC1 /MDd /GS /fp:precise /Zc:wchar_t /Zc:forScope /Fo"Debug\\" /Fd"Debug\vc100.pdb" /Gd /TP /analyze- /errorReport:prompt ..\GLTESTNEW\FourierTransform.cpp
         FourierTransform.cpp
     1>c:\users\benjamin\documents\visual studio 2010\projects\gltestnew\gltestnew\fouriertransform.cpp(7): warning C4273: 'FourierTransform::FourierTransform' : inconsistent dll linkage
                 c:\users\benjamin\documents\visual studio 2010\projects\gltestnew\gltestnew\fouriertransform.h(19) : see previous definition of '{ctor}'
     1>c:\users\benjamin\documents\visual studio 2010\projects\gltestnew\gltestnew\fouriertransform.cpp(13): warning C4273: 'FourierTransform::FourierTransform' : inconsistent dll linkage
                 c:\users\benjamin\documents\visual studio 2010\projects\gltestnew\gltestnew\fouriertransform.h(20) : see previous definition of '{ctor}'
     1>c:\users\benjamin\documents\visual studio 2010\projects\gltestnew\gltestnew\fouriertransform.cpp(19): warning C4018: '<' : signed/unsigned mismatch
     1>c:\users\benjamin\documents\visual studio 2010\projects\gltestnew\gltestnew\fouriertransform.cpp(27): warning C4273: 'FourierTransform::getAngleChange' : inconsistent dll linkage
                 c:\users\benjamin\documents\visual studio 2010\projects\gltestnew\gltestnew\fouriertransform.h(28) : see previous definition of 'getAngleChange'
     1>c:\users\benjamin\documents\visual studio 2010\projects\gltestnew\gltestnew\fouriertransform.cpp(31): warning C4018: '<' : signed/unsigned mismatch
     1>c:\users\benjamin\documents\visual studio 2010\projects\gltestnew\gltestnew\fouriertransform.cpp(41): warning C4554: '&' : check operator precedence for possible error; use parentheses to clarify precedence
     1>c:\users\benjamin\documents\visual studio 2010\projects\gltestnew\gltestnew\fouriertransform.cpp(45): warning C4554: '&' : check operator precedence for possible error; use parentheses to clarify precedence
     1>c:\users\benjamin\documents\visual studio 2010\projects\gltestnew\gltestnew\fouriertransform.cpp(51): warning C4018: '<' : signed/unsigned mismatch
     1>c:\users\benjamin\documents\visual studio 2010\projects\gltestnew\gltestnew\fouriertransform.cpp(65): warning C4273: 'FourierTransform::getCurveLength' : inconsistent dll linkage
                 c:\users\benjamin\documents\visual studio 2010\projects\gltestnew\gltestnew\fouriertransform.h(27) : see previous definition of 'getCurveLength'
     1>c:\users\benjamin\documents\visual studio 2010\projects\gltestnew\gltestnew\fouriertransform.cpp(70): warning C4018: '<' : signed/unsigned mismatch
     1>c:\users\benjamin\documents\visual studio 2010\projects\gltestnew\gltestnew\fouriertransform.cpp(85): warning C4273: 'FourierTransform::getTotalLength' : inconsistent dll linkage
                 c:\users\benjamin\documents\visual studio 2010\projects\gltestnew\gltestnew\fouriertransform.h(26) : see previous definition of 'getTotalLength'
     1>c:\users\benjamin\documents\visual studio 2010\projects\gltestnew\gltestnew\fouriertransform.cpp(89): warning C4018: '<' : signed/unsigned mismatch
     1>c:\users\benjamin\documents\visual studio 2010\projects\gltestnew\gltestnew\fouriertransform.cpp(102): warning C4273: 'FourierTransform::forward' : inconsistent dll linkage
                 c:\users\benjamin\documents\visual studio 2010\projects\gltestnew\gltestnew\fouriertransform.h(23) : see previous definition of 'forward'
     1>c:\users\benjamin\documents\visual studio 2010\projects\gltestnew\gltestnew\fouriertransform.cpp(103): warning C4018: '<' : signed/unsigned mismatch
     1>c:\users\benjamin\documents\visual studio 2010\projects\gltestnew\gltestnew\fouriertransform.cpp(105): warning C4018: '<' : signed/unsigned mismatch
     1>c:\users\benjamin\documents\visual studio 2010\projects\gltestnew\gltestnew\fouriertransform.cpp(114): warning C4018: '<' : signed/unsigned mismatch
     1>c:\users\benjamin\documents\visual studio 2010\projects\gltestnew\gltestnew\fouriertransform.cpp(126): warning C4554: '&' : check operator precedence for possible error; use parentheses to clarify precedence
     1>c:\users\benjamin\documents\visual studio 2010\projects\gltestnew\gltestnew\fouriertransform.cpp(130): warning C4554: '&' : check operator precedence for possible error; use parentheses to clarify precedence
     1>c:\users\benjamin\documents\visual studio 2010\projects\gltestnew\gltestnew\fouriertransform.cpp(142): warning C4273: 'FourierTransform::getOuput' : inconsistent dll linkage
                 c:\users\benjamin\documents\visual studio 2010\projects\gltestnew\gltestnew\fouriertransform.h(34) : see previous definition of 'getOuput'
       ManifestResourceCompile:
         All outputs are up-to-date.
       Link:
         C:\Program Files (x86)\Microsoft Visual Studio 10.0\VC\bin\link.exe /ERRORREPORT:PROMPT /OUT:"C:\Users\Benjamin\Documents\Visual Studio 2010\Projects\GLTESTNEW\Debug\FourierTransform.dll" /INCREMENTAL /NOLOGO kernel32.lib user32.lib gdi32.lib winspool.lib comdlg32.lib advapi32.lib shell32.lib ole32.lib oleaut32.lib uuid.lib odbc32.lib odbccp32.lib /MANIFEST /ManifestFile:"Debug\FourierTransform.dll.intermediate.manifest" /MANIFESTUAC:"level='asInvoker' uiAccess='false'" /DEBUG /PDB:"C:\Users\Benjamin\Documents\Visual Studio 2010\Projects\GLTESTNEW\Debug\FourierTransform.pdb" /SUBSYSTEM:WINDOWS /TLBID:1 /DYNAMICBASE /NXCOMPAT /IMPLIB:"C:\Users\Benjamin\Documents\Visual Studio 2010\Projects\GLTESTNEW\Debug\FourierTransform.lib" /MACHINE:X86 /DLL Debug\FourierTransform.dll.embed.manifest.res
         Debug\FourierTransform.obj
         "C:\Users\Benjamin\Documents\Visual Studio 2010\Projects\GLTESTNEW\Debug\Point2D.lib"
            Creating library C:\Users\Benjamin\Documents\Visual Studio 2010\Projects\GLTESTNEW\Debug\FourierTransform.lib and object C:\Users\Benjamin\Documents\Visual Studio 2010\Projects\GLTESTNEW\Debug\FourierTransform.exp
       Manifest:
         C:\Program Files (x86)\Microsoft SDKs\Windows\v7.0A\bin\mt.exe /nologo /verbose /out:"Debug\FourierTransform.dll.embed.manifest" /manifest Debug\FourierTransform.dll.intermediate.manifest
         C:\Program Files (x86)\Microsoft SDKs\Windows\v7.0A\bin\rc.exe /nologo /fo"Debug\FourierTransform.dll.embed.manifest.res" Debug\FourierTransform_manifest.rc 
       LinkEmbedManifest:
         C:\Program Files (x86)\Microsoft Visual Studio 10.0\VC\bin\link.exe /ERRORREPORT:PROMPT /OUT:"C:\Users\Benjamin\Documents\Visual Studio 2010\Projects\GLTESTNEW\Debug\FourierTransform.dll" /INCREMENTAL /NOLOGO kernel32.lib user32.lib gdi32.lib winspool.lib comdlg32.lib advapi32.lib shell32.lib ole32.lib oleaut32.lib uuid.lib odbc32.lib odbccp32.lib /MANIFEST /ManifestFile:"Debug\FourierTransform.dll.intermediate.manifest" /MANIFESTUAC:"level='asInvoker' uiAccess='false'" /DEBUG /PDB:"C:\Users\Benjamin\Documents\Visual Studio 2010\Projects\GLTESTNEW\Debug\FourierTransform.pdb" /SUBSYSTEM:WINDOWS /TLBID:1 /DYNAMICBASE /NXCOMPAT /IMPLIB:"C:\Users\Benjamin\Documents\Visual Studio 2010\Projects\GLTESTNEW\Debug\FourierTransform.lib" /MACHINE:X86 /DLL Debug\FourierTransform.dll.embed.manifest.res
         Debug\FourierTransform.obj
         "C:\Users\Benjamin\Documents\Visual Studio 2010\Projects\GLTESTNEW\Debug\Point2D.lib"
            Creating library C:\Users\Benjamin\Documents\Visual Studio 2010\Projects\GLTESTNEW\Debug\FourierTransform.lib and object C:\Users\Benjamin\Documents\Visual Studio 2010\Projects\GLTESTNEW\Debug\FourierTransform.exp
         FourierTransform.vcxproj -> C:\Users\Benjamin\Documents\Visual Studio 2010\Projects\GLTESTNEW\Debug\FourierTransform.dll
       FinalizeBuildStatus:
         Deleting file "Debug\FourierTransform.unsuccessfulbuild".
         Touching "Debug\FourierTransform.lastbuildstate".
     1>Done Building Project "C:\Users\Benjamin\Documents\Visual Studio 2010\Projects\GLTESTNEW\FourierTransform\FourierTransform.vcxproj" (build target(s)).

Build succeeded.

Time Elapsed 00:00:05.69
